<?xml version="1.0" encoding="UTF-8"?>
<!-- Generated by org.testng.reporters.JUnitReportReporter -->
<testsuite hostname="tAvinash" failures="0" tests="2" name="testCases.TC001_AccountRegistrationTest" time="33.240" errors="0" timestamp="2025-10-05T02:43:33 IST" skipped="0">
  <testcase classname="testCases.TC001_AccountRegistrationTest" name="verify_account_registration" time="22.104"/>
  <testcase classname="testCases.TC001_AccountRegistrationTest" name="verify_account_registration" time="11.136"/>
</testsuite> <!-- testCases.TC001_AccountRegistrationTest -->
