<?xml version="1.0" encoding="UTF-8"?>
<!-- Generated by org.testng.reporters.JUnitReportReporter -->
<testsuite hostname="tAvinash" failures="0" tests="2" name="testCases.TC002_LoginTest" time="12.932" errors="0" timestamp="2025-10-05T02:43:33 IST" skipped="0">
  <testcase classname="testCases.TC002_LoginTest" name="verify_login" time="8.501"/>
  <testcase classname="testCases.TC002_LoginTest" name="verify_login" time="4.431"/>
</testsuite> <!-- testCases.TC002_LoginTest -->
