<?xml version="1.0" encoding="UTF-8"?>
<!-- Generated by org.testng.reporters.JUnitReportReporter -->
<testsuite hostname="tAvinash" failures="0" tests="1" name="testCases.TC001_AccountRegistrationTest" time="3.752" errors="0" timestamp="2025-10-05T20:10:18 IST" skipped="0">
  <testcase classname="testCases.TC001_AccountRegistrationTest" name="verify_account_registration" time="3.752"/>
</testsuite> <!-- testCases.TC001_AccountRegistrationTest -->
