<?xml version="1.0" encoding="UTF-8"?>
<!-- Generated by org.testng.reporters.JUnitReportReporter -->
<testsuite hostname="tAvinash" failures="0" tests="1" name="testCases.TC002_LoginTest" time="1.851" errors="0" timestamp="2025-10-05T20:10:18 IST" skipped="0">
  <testcase classname="testCases.TC002_LoginTest" name="verify_login" time="1.851"/>
</testsuite> <!-- testCases.TC002_LoginTest -->
